<?xml version="1.0" encoding="UTF-8"?>
<!-- Generated by org.testng.reporters.JUnitReportReporter -->
<testsuite hostname="BARACUDA-PC" failures="0" tests="2" name="com.chief.LoginTests" time="34.271" errors="0" timestamp="2024-02-19T23:17:57 EAT" skipped="0">
  <testcase classname="com.chief.LoginTests" name="loginFailed" time="4.542"/>
  <testcase classname="com.chief.LoginTests" name="loginSuccess" time="29.729"/>
</testsuite> <!-- com.chief.LoginTests -->
