<?xml version="1.0" encoding="UTF-8"?>
<!-- Generated by org.testng.reporters.JUnitReportReporter -->
<testsuite hostname="BARACUDA-PC" failures="0" tests="1" name="com.chief.SampleTestNg" time="0.005" errors="0" timestamp="2024-02-19T23:07:32 EAT" skipped="0">
  <testcase classname="com.chief.SampleTestNg" name="testActual" time="0.005"/>
</testsuite> <!-- com.chief.SampleTestNg -->
